2017-11-22T22:10:58+00:00 CRITICAL Maximum execution time of 30 seconds exceeded

2017-11-22T22:11:48+00:00 CRITICAL Maximum execution time of 30 seconds exceeded

2017-11-22T22:15:06+00:00 CRITICAL Maximum execution time of 30 seconds exceeded

2017-11-26T12:21:43+00:00 CRITICAL Maximum execution time of 30 seconds exceeded

2017-11-26T16:36:17+00:00 CRITICAL Maximum execution time of 30 seconds exceeded

2017-11-27T06:39:22+00:00 CRITICAL Maximum execution time of 30 seconds exceeded

2017-12-14T08:36:03+00:00 CRITICAL Maximum execution time of 30 seconds exceeded

2017-12-15T16:27:09+00:00 CRITICAL Maximum execution time of 30 seconds exceeded

2017-12-15T17:50:26+00:00 CRITICAL Maximum execution time of 30 seconds exceeded

2017-12-15T23:42:00+00:00 CRITICAL Maximum execution time of 30 seconds exceeded

2017-12-16T08:06:29+00:00 CRITICAL Maximum execution time of 30 seconds exceeded

2017-12-16T09:09:20+00:00 CRITICAL Maximum execution time of 30 seconds exceeded

2017-12-16T14:09:24+00:00 CRITICAL Maximum execution time of 30 seconds exceeded

2017-12-16T14:10:06+00:00 CRITICAL Maximum execution time of 30 seconds exceeded

2017-12-16T14:11:44+00:00 CRITICAL Maximum execution time of 30 seconds exceeded

2017-12-17T23:30:14+00:00 CRITICAL Maximum execution time of 30 seconds exceeded

2017-12-18T10:03:11+00:00 CRITICAL Maximum execution time of 30 seconds exceeded

2017-12-18T10:03:11+00:00 CRITICAL Maximum execution time of 30 seconds exceeded

2017-12-24T03:12:34+00:00 CRITICAL Maximum execution time of 30 seconds exceeded

2017-12-24T03:13:09+00:00 CRITICAL Maximum execution time of 30 seconds exceeded

2017-12-24T03:16:27+00:00 CRITICAL Maximum execution time of 30 seconds exceeded

2017-12-24T03:17:33+00:00 CRITICAL Maximum execution time of 30 seconds exceeded

2017-12-24T08:56:41+00:00 CRITICAL Maximum execution time of 30 seconds exceeded

2017-12-24T08:56:47+00:00 CRITICAL Maximum execution time of 30 seconds exceeded

2017-12-24T08:57:09+00:00 CRITICAL Maximum execution time of 30 seconds exceeded

2017-12-26T12:33:20+00:00 CRITICAL Maximum execution time of 30 seconds exceeded

2017-12-30T23:07:01+00:00 CRITICAL Maximum execution time of 30 seconds exceeded

2017-12-31T09:57:08+00:00 CRITICAL Maximum execution time of 30 seconds exceeded

2017-12-31T10:45:52+00:00 CRITICAL Maximum execution time of 30 seconds exceeded

2018-01-01T11:48:11+00:00 CRITICAL Maximum execution time of 30 seconds exceeded

2018-01-01T11:55:47+00:00 CRITICAL Maximum execution time of 30 seconds exceeded

2018-01-01T23:20:43+00:00 CRITICAL Maximum execution time of 30 seconds exceeded

2018-01-02T16:33:38+00:00 CRITICAL Maximum execution time of 30 seconds exceeded

2018-01-03T17:15:56+00:00 CRITICAL Maximum execution time of 30 seconds exceeded

2018-01-09T16:34:52+00:00 CRITICAL Maximum execution time of 30 seconds exceeded

2018-01-10T08:37:03+00:00 CRITICAL Maximum execution time of 30 seconds exceeded

2018-01-15T23:58:42+00:00 CRITICAL Maximum execution time of 30 seconds exceeded

2018-01-17T09:06:32+00:00 CRITICAL Maximum execution time of 30 seconds exceeded

2018-01-17T13:30:15+00:00 CRITICAL Maximum execution time of 30 seconds exceeded

2018-01-17T13:33:56+00:00 CRITICAL Maximum execution time of 30 seconds exceeded

2018-01-17T14:54:30+00:00 CRITICAL Maximum execution time of 30 seconds exceeded

2018-01-17T14:56:25+00:00 CRITICAL Maximum execution time of 30 seconds exceeded

2018-01-17T15:10:15+00:00 CRITICAL Maximum execution time of 30 seconds exceeded

2018-01-17T15:14:47+00:00 CRITICAL Maximum execution time of 30 seconds exceeded

2018-01-17T15:30:47+00:00 CRITICAL Maximum execution time of 30 seconds exceeded

2018-01-20T22:15:13+00:00 CRITICAL Maximum execution time of 30 seconds exceeded

2018-01-21T08:08:49+00:00 CRITICAL Maximum execution time of 30 seconds exceeded

2018-01-21T08:08:49+00:00 CRITICAL Maximum execution time of 30 seconds exceeded

2018-02-03T04:30:18+00:00 CRITICAL Call to undefined function getproductList()

2018-02-03T04:31:59+00:00 CRITICAL Call to undefined function getproductList()

2018-02-03T04:33:30+00:00 CRITICAL Call to undefined function getproductList()

2018-02-03T04:34:29+00:00 CRITICAL Call to undefined function getproductList()

2018-02-03T04:35:26+00:00 CRITICAL Call to undefined function getproductList()

2018-02-03T11:00:26+00:00 CRITICAL Call to a member function get_var() on a non-object

2018-02-03T11:05:51+00:00 CRITICAL Call to undefined function wc_getId_from_name()

2018-02-03T11:06:08+00:00 CRITICAL Call to a member function get_var() on a non-object

2018-02-03T11:07:57+00:00 CRITICAL Call to a member function get_var() on a non-object

2018-02-03T11:14:58+00:00 CRITICAL Call to a member function get_var() on a non-object

2018-02-03T11:15:55+00:00 CRITICAL Call to a member function get_var() on a non-object

2018-02-03T11:16:50+00:00 CRITICAL Call to a member function get_var() on a non-object

2018-02-03T11:18:18+00:00 CRITICAL Call to a member function get_var() on a non-object

2018-02-03T11:18:45+00:00 CRITICAL Call to a member function get_var() on a non-object

2018-02-03T11:19:22+00:00 CRITICAL Call to undefined function wc_getId_from_name()

2018-02-03T11:20:08+00:00 CRITICAL Call to undefined function wc_getId_from_name()

2018-02-03T11:26:43+00:00 CRITICAL Call to a member function get_var() on a non-object

2018-02-03T11:30:37+00:00 CRITICAL Call to undefined function wc_getId_from_name()

2018-02-03T11:31:03+00:00 CRITICAL Call to undefined function wc_getId_from_name()

2018-02-03T11:31:28+00:00 CRITICAL Call to undefined function wc_getId_from_name()

2018-02-03T11:32:33+00:00 CRITICAL Call to a member function get_var() on a non-object

2018-02-03T11:34:13+00:00 CRITICAL Call to a member function get_var() on a non-object

2018-02-03T11:34:44+00:00 CRITICAL Call to a member function get_var() on a non-object

2018-02-03T11:34:59+00:00 CRITICAL Call to a member function get_var() on a non-object

2018-02-03T11:36:28+00:00 CRITICAL Call to a member function get_var() on a non-object

2018-02-03T11:55:29+00:00 CRITICAL Call to a member function get_var() on a non-object

2018-02-03T11:56:53+00:00 CRITICAL Call to a member function get_var() on a non-object

2018-02-03T11:57:31+00:00 CRITICAL Call to a member function get_var() on a non-object

2018-02-03T11:58:01+00:00 CRITICAL Call to a member function get_var() on a non-object

2018-02-03T11:58:48+00:00 CRITICAL Call to a member function get_var() on a non-object

2018-02-03T12:02:13+00:00 CRITICAL Call to a member function get_var() on a non-object

2018-02-03T12:06:01+00:00 CRITICAL Call to a member function get_var() on a non-object

2018-02-03T12:07:00+00:00 CRITICAL Call to undefined function test()

2018-02-03T12:07:09+00:00 CRITICAL Call to undefined function test()

2018-02-03T12:07:31+00:00 CRITICAL Call to undefined function test()

2018-02-03T12:07:47+00:00 CRITICAL Call to undefined function test()

2018-02-03T12:08:14+00:00 CRITICAL Call to undefined function test()

2018-02-03T12:08:24+00:00 CRITICAL Call to undefined function test()

2018-02-03T12:09:42+00:00 CRITICAL Call to undefined function test()

2018-02-03T12:10:24+00:00 CRITICAL Call to undefined function test()

